<?xml version="1.0" encoding="UTF-8"?>
<!-- Generated by org.testng.reporters.JUnitReportReporter -->
<testsuite skipped="0" hostname="shammika-HP-EliteBook-840-G7-Notebook-PC" name="zoho.runner.MyRunner" tests="2" failures="0" timestamp="2021-10-28T06:55:02 IST" time="1.380" errors="2">
  <testcase name="runScenario" time="0.690" classname="zoho.runner.MyRunner">
    <error type="java.lang.NullPointerException">
      <![CDATA[java.lang.NullPointerException
at zoho.managers.WebDriverManager.openBrowser(WebDriverManager.java:53)
at zoho.pages.HomePage.load(HomePage.java:16)
at zoho.teststeps.Session.zohoLogin(Session.java:23)
at ✽.I am logged in zoho.com(file:///home/shammika/Downloads/testproject3/Selenium%20Code/Cucumber/ZOHOCucumberPOM/src/test/resources/zoho/leads.feature:24)
]]>
    </error>
  </testcase> <!-- runScenario -->
  <system-out/>
  <testcase name="runScenario" time="0.690" classname="zoho.runner.MyRunner">
    <error type="java.lang.NullPointerException">
      <![CDATA[java.lang.NullPointerException
at zoho.managers.WebDriverManager.openBrowser(WebDriverManager.java:53)
at zoho.pages.HomePage.load(HomePage.java:16)
at zoho.teststeps.Session.zohoLogin(Session.java:23)
at ✽.I am logged in zoho.com(file:///home/shammika/Downloads/testproject3/Selenium%20Code/Cucumber/ZOHOCucumberPOM/src/test/resources/zoho/leads.feature:24)
]]>
    </error>
  </testcase> <!-- runScenario -->
  <system-out/>
</testsuite> <!-- zoho.runner.MyRunner -->
