<?xml version="1.0" encoding="UTF-8"?>
<!-- Generated by org.testng.reporters.JUnitReportReporter -->
<testsuite skipped="0" hostname="shammika-HP-EliteBook-840-G7-Notebook-PC" name="zoho.runner.MyRunner" tests="1" failures="0" timestamp="2022-03-02T12:00:43 IST" time="18.435" errors="0">
  <testcase name="runScenario" time="18.435" classname="zoho.runner.MyRunner"/>
  <system-out/>
</testsuite> <!-- zoho.runner.MyRunner -->
